<?xml version="1.0" encoding="UTF-8"?>
<!-- Generated by org.testng.reporters.JUnitXMLReporter -->
<testsuite hostname="Qentelli001" name="TmpTest" tests="1" failures="0" timestamp="9 Aug 2016 08:26:06 GMT" time="0.019" errors="0">
  <testcase name="@BeforeSuite setupSuite" time="0.0" classname="com.aidemo.scripts.Change_ObjectProperty">
    <failure type="java.lang.NullPointerException">
      <![CDATA[java.lang.NullPointerException
	at com.qentelli.automation.accelerators.Base.setupSuite(Base.java:83)
	at com.qentelli.automation.utilities.TestNGExecution.main(TestNGExecution.java:65)
... Removed 15 stack frames]]>
    </failure>
  </testcase> <!-- @BeforeSuite setupSuite -->
  <testcase name="@BeforeClass openBrowser" time="0.0" classname="com.aidemo.scripts.Change_ObjectProperty">
    <skipped/>
  </testcase> <!-- @BeforeClass openBrowser -->
  <testcase name="@BeforeMethod reportHeader" time="0.0" classname="com.aidemo.scripts.Change_ObjectProperty">
    <skipped/>
  </testcase> <!-- @BeforeMethod reportHeader -->
  <testcase name="Change_ObjectProperty" time="0.005" classname="com.aidemo.scripts.Change_ObjectProperty">
    <skipped/>
  </testcase> <!-- Change_ObjectProperty -->
</testsuite> <!-- TmpTest -->
