<?xml version="1.0" encoding="UTF-8"?>
<!-- Generated by org.testng.reporters.JUnitXMLReporter -->
<testsuite hostname="HW0436" name="BrandPartner" tests="7" failures="0" timestamp="19 Feb 2016 20:54:48 GMT" time="935.571" errors="0">
  <testcase name="C605_ADOManager_LandingPage" time="139.957" classname="com.nerium.testscripts.adomanager.C605_ADOManager_LandingPage"/>
  <testcase name="C608_AutoDeliveryManager_PageHeader" time="128.171" classname="com.nerium.testscripts.adomanager.C608_AutoDeliveryManager_PageHeader"/>
  <testcase name="AutoDeliveryManager_PageContent" time="178.203" classname="com.nerium.testscripts.adomanager.C628_AutoDeliveryManager_PageContent"/>
  <testcase name="C637_ADOManager_ShippingDetails" time="139.767" classname="com.nerium.testscripts.adomanager.C637_ADOManager_ShippingDetails"/>
  <testcase name="ADOManager_ShippingDetails" time="89.096" classname="com.nerium.testscripts.adomanager.C639_AutoDeliveryManager_PageContent_BillingDetailssection"/>
  <testcase name="AutoDeliveryOrder_AddCreditCard" time="165.025" classname="com.nerium.testscripts.adomanager.C671_AutoDeliveryOrder_AddCreditCard"/>
  <testcase name="AutoDeliveryOrder_AddBankDebit" time="87.257" classname="com.nerium.testscripts.adomanager.C683_AutoDeliveryOrder_AddBankDebit"/>
</testsuite> <!-- BrandPartner -->
