<?xml version="1.0" encoding="UTF-8"?>
<!-- Generated by org.testng.reporters.JUnitXMLReporter -->
<testsuite hostname="WIN-V00R0QSPM0M" name="Inventory" tests="3" failures="0" timestamp="8 Feb 2017 04:30:54 GMT" time="60.651" errors="0">
  <testcase name="AddItemToInventory" time="15.02" classname="com.retailpos.scripts.AddItemToInventory"/>
  <testcase name="AddItemToInventoryWithInvalidData" time="25.009" classname="com.retailpos.scripts.AddItemToInventoryWithInvalidData"/>
  <testcase name="SaleByCashFromPOS" time="20.011" classname="com.retailpos.scripts.SaleByCashFromPOS"/>
</testsuite> <!-- Inventory -->
